        -:    0:Source:src/core.c
        -:    1:#include "core.h"
        -:    2:#include <time.h>
        -:    3:#include <stdlib.h>
        -:    4:
        -:    5:
        2:    6:void init_med_list(MedicationList *list) {
        -:    7:    // if list is null nothing happens
       2*:    8:    if (!list) return;
        -:    9:    // list starts empty with nothing in it
        2:   10:    list->count = 0;
        -:   11:    // list sets the ID number that will be assigned to the next medication added
        2:   12:    list->next_id = 1;
        -:   13:}
        -:   14:
        -:   15:
    #####:   16:void add_medication(MedicationList *list, Medication m) {
    #####:   17:    if (!list) return;
        -:   18:
        -:   19:    // if the user reaches the max medications amount then return the list 
    #####:   20:    if (list->count >= MAX_MEDICATIONS) return;
        -:   21:
        -:   22:    // sets medication id
    #####:   23:    m.id = list->next_id++;
        -:   24:
        -:   25:    // if the recurrence is invalid and doesn't match daily or once, then default it to daily
        -:   26:    // NOTE: maybe there should be a warning first
    #####:   27:    if (m.recurrence != RECURRENCE_DAILY && m.recurrence != RECURRENCE_ONCE) {
    #####:   28:        m.recurrence = RECURRENCE_DAILY;
        -:   29:    }
        -:   30:
        -:   31:    // if the medicine is one time use, reset the flag to 0
    #####:   32:    if (m.recurrence == RECURRENCE_ONCE && m.one_time_used != 0) {
    #####:   33:        m.one_time_used = 0;
        -:   34:    }
        -:   35:
        -:   36:    // stores medication in list
    #####:   37:    list->meds[list->count++] = m;
        -:   38:}
        -:   39:
        -:   40:
    #####:   41:void remove_medication(MedicationList *list, int id) {
    #####:   42:    if (!list) return;
    #####:   43:    int idx = -1;
        -:   44:
        -:   45:    // locate the index of the medication to be removed in the list
    #####:   46:    for (int i = 0; i < list->count; i++) {
    #####:   47:        if (list->meds[i].id == id) {
    #####:   48:            idx = i;
    #####:   49:            break;
        -:   50:        }
        -:   51:    }
        -:   52:
        -:   53:    // if the medication if not in the list (index still = -1) then return the list as it is
    #####:   54:    if (idx < 0) return;
        -:   55:
        -:   56:    // shift the list over to account for removing the medicine
    #####:   57:    for (int j = idx; j < list->count - 1; j++) {
    #####:   58:        list->meds[j] = list->meds[j + 1];
        -:   59:    }
        -:   60:
        -:   61:    // reduce the count for medications in the list after removing
    #####:   62:    list->count--;
        -:   63:}
        -:   64:
    #####:   65:Medication *find_med_by_id(MedicationList *list, int id) {
    #####:   66:    if (!list) return NULL;
        -:   67:
        -:   68:    // goes through every medication in list
    #####:   69:    for (int i = 0; i < list->count; i++) {
        -:   70:        // checks if medicine at index i has the same id as the one we are searching for
    #####:   71:        if (list->meds[i].id == id) {
        -:   72:            // if the IDs match, return a pointer to that medication inside the list's array.
    #####:   73:            return &list->meds[i];
        -:   74:        }
        -:   75:    }
        -:   76:
        -:   77:    // if after going through the list we cant find it, return null
    #####:   78:    return NULL;
        -:   79:}
        -:   80:
        -:   81:
    #####:   82:void get_current_time(TimeOfDay *out) {
    #####:   83:    if (!out) return;
        -:   84:
        -:   85:    // gets current time
    #####:   86:    time_t t = time(NULL);
        -:   87:
        -:   88:    // converts time t into (hour, minute, second, etc.) based on the user's local timezon
    #####:   89:    struct tm *tm_info = localtime(&t);
        -:   90:
        -:   91:
    #####:   92:    out->hour = tm_info->tm_hour;
    #####:   93:    out->minute = tm_info->tm_min;
        -:   94:}
        -:   95:
        -:   96:// Helper: absolute value of int
    #####:   97:static int iabs_int(int x) {
    #####:   98:    return x < 0 ? -x : x;
        -:   99:}
        -:  100:
        -:  101:/*
        -:  102:static int iabs_int(int x) {
        -:  103:    if (x < 0) {
        -:  104:        return -x;
        -:  105:    }
        -:  106:    return x;
        -:  107:}
        -:  108:*/
        -:  109:
        -:  110:
    #####:  111:int get_due_medications(MedicationList *list, TimeOfDay now, Medication *out, int max_out) {
    #####:  112:    if (!list || !out || max_out <= 0) return 0;
        -:  113:
        -:  114:    // converts current time into total minutes since midnight
    #####:  115:    int now_total = now.hour * 60 + now.minute;
        -:  116:
        -:  117:    // counter for the medications that are due
    #####:  118:    int found = 0;
        -:  119:
        -:  120:    // go through every medication in the list
    #####:  121:    for (int i = 0; i < list->count && found < max_out; i++) {
    #####:  122:        Medication *m = &list->meds[i];
        -:  123:
        -:  124:        // skip one-time meds that already fired
    #####:  125:        if (m->recurrence == RECURRENCE_ONCE && m->one_time_used) {
    #####:  126:            continue;
        -:  127:        }
        -:  128:
    #####:  129:        for (int j = 0; j < m->num_doses; j++) {
    #####:  130:            int dose_total = m->doses[j].hour * 60 + m->doses[j].minute;
    #####:  131:            int diff = dose_total - now_total;
        -:  132:
    #####:  133:            if (iabs_int(diff) <= 5) { // within +5 or -5 minutes
    #####:  134:                out[found++] = *m;
    #####:  135:                break; // we only need to add it once
        -:  136:            }
        -:  137:        }
        -:  138:    }
        -:  139:
    #####:  140:    return found;
        -:  141:}
        -:  142:
