        -:    0:Source:src/gui.c
        -:    1:#include "gui.h"
        -:    2:#include "io.h"
        -:    3:#include <gtk/gtk.h>
        -:    4:#include <stdio.h>
        -:    5:#include <string.h>
        -:    6:
        -:    7:static MedicationList *g_med_list = NULL;
        -:    8:static GtkWidget *g_list_box = NULL;
        -:    9:static GtkWidget *g_main_window = NULL;
        -:   10:
        -:   11:// Forward declarations
        -:   12:static void refresh_med_list(void);
        -:   13:static void on_add_med_clicked(GtkButton *button, gpointer user_data);
        -:   14:static void on_export_clicked(GtkButton *button, gpointer user_data);
        -:   15:static void on_edit_med_clicked(GtkButton *button, gpointer user_data);
        -:   16:static void on_delete_med_clicked(GtkButton *button, gpointer user_data);
        -:   17:static void on_schedule_clicked(GtkButton *button, gpointer user_data);
        -:   18:static gboolean reminder_check_callback(gpointer user_data);
        -:   19:static GtkWidget* create_med_row(Medication *m);
        -:   20:static void show_todays_schedule(void);
        -:   21:static void on_wiki_lookup_clicked(GtkButton *button, gpointer user_data);
        -:   22:
        -:   23:// ---------- Helpers ----------
        -:   24:
    #####:   25:static GtkWidget* create_med_row(Medication *m) {
    #####:   26:    GtkWidget *row = gtk_box_new(GTK_ORIENTATION_HORIZONTAL, 5);
        -:   27:
    #####:   28:    const char *rec_str = (m->recurrence == RECURRENCE_ONCE)
        -:   29:                          ? "one-time"
    #####:   30:                          : "daily";
        -:   31:
        -:   32:    char buffer[256];
    #####:   33:    snprintf(buffer, sizeof(buffer), "%s — %s (%s)",
    #####:   34:             m->name, m->dosage, rec_str);
        -:   35:
    #####:   36:    GtkWidget *label = gtk_label_new(buffer);
    #####:   37:    gtk_widget_set_halign(label, GTK_ALIGN_START);
    #####:   38:    gtk_box_pack_start(GTK_BOX(row), label, TRUE, TRUE, 5);
        -:   39:
    #####:   40:    GtkWidget *edit_btn = gtk_button_new_with_label("Edit");
    #####:   41:    g_object_set_data(G_OBJECT(edit_btn), "med-id", GINT_TO_POINTER(m->id));
    #####:   42:    g_signal_connect(edit_btn, "clicked", G_CALLBACK(on_edit_med_clicked), NULL);
    #####:   43:    gtk_box_pack_start(GTK_BOX(row), edit_btn, FALSE, FALSE, 2);
        -:   44:
    #####:   45:    GtkWidget *delete_btn = gtk_button_new_with_label("Delete");
    #####:   46:    g_object_set_data(G_OBJECT(delete_btn), "med-id", GINT_TO_POINTER(m->id));
    #####:   47:    g_signal_connect(delete_btn, "clicked", G_CALLBACK(on_delete_med_clicked), NULL);
    #####:   48:    gtk_box_pack_start(GTK_BOX(row), delete_btn, FALSE, FALSE, 2);
        -:   49:
    #####:   50:    return row;
        -:   51:}
        -:   52:
    #####:   53:static void refresh_med_list(void) {
    #####:   54:    if (!g_list_box || !g_med_list) return;
        -:   55:
    #####:   56:    GList *children = gtk_container_get_children(GTK_CONTAINER(g_list_box));
    #####:   57:    for (GList *iter = children; iter != NULL; iter = iter->next) {
    #####:   58:        gtk_widget_destroy(GTK_WIDGET(iter->data));
        -:   59:    }
    #####:   60:    g_list_free(children);
        -:   61:
    #####:   62:    for (int i = 0; i < g_med_list->count; i++) {
    #####:   63:        GtkWidget *row = create_med_row(&g_med_list->meds[i]);
    #####:   64:        gtk_box_pack_start(GTK_BOX(g_list_box), row, FALSE, FALSE, 5);
        -:   65:    }
        -:   66:
    #####:   67:    gtk_widget_show_all(g_list_box);
        -:   68:}
        -:   69:
    #####:   70:static void on_wiki_lookup_clicked(GtkButton *button, gpointer user_data) {
        -:   71:    (void)button;
        -:   72:    (void)user_data;
        -:   73:
        -:   74:    // Ask for medication name
    #####:   75:    GtkWidget *dialog = gtk_dialog_new_with_buttons(
        -:   76:        "Wikipedia Lookup",
    #####:   77:        GTK_WINDOW(g_main_window),
        -:   78:        GTK_DIALOG_MODAL | GTK_DIALOG_DESTROY_WITH_PARENT,
        -:   79:        "_Cancel", GTK_RESPONSE_CANCEL,
        -:   80:        "_Search", GTK_RESPONSE_OK,
        -:   81:        NULL);
        -:   82:
    #####:   83:    GtkWidget *content = gtk_dialog_get_content_area(GTK_DIALOG(dialog));
    #####:   84:    GtkWidget *box = gtk_box_new(GTK_ORIENTATION_VERTICAL, 5);
    #####:   85:    gtk_container_add(GTK_CONTAINER(content), box);
        -:   86:
    #####:   87:    GtkWidget *label = gtk_label_new("Enter a medication name:");
    #####:   88:    gtk_box_pack_start(GTK_BOX(box), label, FALSE, FALSE, 2);
        -:   89:
    #####:   90:    GtkWidget *entry = gtk_entry_new();
    #####:   91:    gtk_box_pack_start(GTK_BOX(box), entry, FALSE, FALSE, 2);
        -:   92:
    #####:   93:    gtk_widget_show_all(dialog);
        -:   94:
    #####:   95:    if (gtk_dialog_run(GTK_DIALOG(dialog)) == GTK_RESPONSE_OK) {
    #####:   96:        const char *name = gtk_entry_get_text(GTK_ENTRY(entry));
        -:   97:
    #####:   98:        if (name && *name) {
        -:   99:            char command[512];
    #####:  100:            snprintf(command, sizeof(command),
        -:  101:                     "python3 scripts/wiki_lookup \"%s\" > wiki_tmp.txt",
        -:  102:                     name);
        -:  103:
        -:  104:            // Execute Python script
    #####:  105:            system(command);
        -:  106:
        -:  107:            // Read result
    #####:  108:            FILE *f = fopen("wiki_tmp.txt", "r");
    #####:  109:            if (f) {
        -:  110:                char buffer[2048];
    #####:  111:                fread(buffer, 1, sizeof(buffer)-1, f);
    #####:  112:                fclose(f);
    #####:  113:                buffer[sizeof(buffer)-1] = '\0';
        -:  114:
    #####:  115:                GtkWidget *msg = gtk_message_dialog_new(
    #####:  116:                    GTK_WINDOW(g_main_window),
        -:  117:                    GTK_DIALOG_MODAL,
        -:  118:                    GTK_MESSAGE_INFO,
        -:  119:                    GTK_BUTTONS_OK,
        -:  120:                    "%s",
    #####:  121:                    buffer[0] ? buffer : "No information found."
        -:  122:                );
    #####:  123:                gtk_dialog_run(GTK_DIALOG(msg));
    #####:  124:                gtk_widget_destroy(msg);
        -:  125:            }
        -:  126:        }
        -:  127:    }
        -:  128:
    #####:  129:    gtk_widget_destroy(dialog);
    #####:  130:}
        -:  131:
        -:  132:
        -:  133:// ---------- Reminder timer ----------
        -:  134:
    #####:  135:static gboolean reminder_check_callback(gpointer user_data) {
        -:  136:    (void)user_data;
        -:  137:
    #####:  138:    if (!g_med_list || g_med_list->count == 0) {
    #####:  139:        return TRUE;
        -:  140:    }
        -:  141:
        -:  142:    TimeOfDay now;
    #####:  143:    get_current_time(&now);
        -:  144:
        -:  145:    Medication due[10];
    #####:  146:    int count = get_due_medications(g_med_list, now, due, 10);
        -:  147:
    #####:  148:    if (count > 0) {
    #####:  149:        Medication *first = &due[0];
        -:  150:
    #####:  151:        GtkWidget *msg = gtk_message_dialog_new(
    #####:  152:            GTK_WINDOW(g_main_window),
        -:  153:            GTK_DIALOG_MODAL,
        -:  154:            GTK_MESSAGE_INFO,
        -:  155:            GTK_BUTTONS_OK,
        -:  156:            "It is time to take:\n%s (%s)",
    #####:  157:            first->name,
    #####:  158:            first->dosage
        -:  159:        );
    #####:  160:        gtk_dialog_run(GTK_DIALOG(msg));
    #####:  161:        gtk_widget_destroy(msg);
        -:  162:
        -:  163:        // If this was a one-time med, mark as used
    #####:  164:        Medication *orig = find_med_by_id(g_med_list, first->id);
    #####:  165:        if (orig && orig->recurrence == RECURRENCE_ONCE) {
    #####:  166:            orig->one_time_used = 1;
    #####:  167:            save_medications("data/meds.txt", g_med_list);
    #####:  168:            refresh_med_list();
        -:  169:        }
        -:  170:    }
        -:  171:
    #####:  172:    return TRUE;
        -:  173:}
        -:  174:
        -:  175:// ---------- Add Medication dialog ----------
        -:  176:
    #####:  177:static void on_add_med_clicked(GtkButton *button, gpointer user_data) {
        -:  178:    (void)button;
        -:  179:    (void)user_data;
        -:  180:
    #####:  181:    GtkWidget *dialog = gtk_dialog_new_with_buttons(
        -:  182:        "Add Medication",
    #####:  183:        GTK_WINDOW(g_main_window),
        -:  184:        GTK_DIALOG_MODAL | GTK_DIALOG_DESTROY_WITH_PARENT,
        -:  185:        "_Cancel", GTK_RESPONSE_CANCEL,
        -:  186:        "_Add", GTK_RESPONSE_OK,
        -:  187:        NULL);
        -:  188:
    #####:  189:    GtkWidget *content = gtk_dialog_get_content_area(GTK_DIALOG(dialog));
    #####:  190:    GtkWidget *grid = gtk_grid_new();
    #####:  191:    gtk_grid_set_row_spacing(GTK_GRID(grid), 5);
    #####:  192:    gtk_grid_set_column_spacing(GTK_GRID(grid), 5);
    #####:  193:    gtk_container_add(GTK_CONTAINER(content), grid);
        -:  194:
        -:  195:    // Name
    #####:  196:    GtkWidget *lbl_name = gtk_label_new("Name:");
    #####:  197:    GtkWidget *entry_name = gtk_entry_new();
    #####:  198:    gtk_grid_attach(GTK_GRID(grid), lbl_name, 0, 0, 1, 1);
    #####:  199:    gtk_grid_attach(GTK_GRID(grid), entry_name, 1, 0, 1, 1);
        -:  200:
        -:  201:    // Dosage
    #####:  202:    GtkWidget *lbl_dosage = gtk_label_new("Dosage:");
    #####:  203:    GtkWidget *entry_dosage = gtk_entry_new();
    #####:  204:    gtk_grid_attach(GTK_GRID(grid), lbl_dosage, 0, 1, 1, 1);
    #####:  205:    gtk_grid_attach(GTK_GRID(grid), entry_dosage, 1, 1, 1, 1);
        -:  206:
        -:  207:    // Recurrence (Daily / One-time)
    #####:  208:    GtkWidget *lbl_rec = gtk_label_new("Recurrence:");
    #####:  209:    GtkWidget *rec_box = gtk_box_new(GTK_ORIENTATION_HORIZONTAL, 5);
    #####:  210:    GtkWidget *rb_daily = gtk_radio_button_new_with_label(NULL, "Daily");
    #####:  211:    GtkWidget *rb_once  = gtk_radio_button_new_with_label_from_widget(
    #####:  212:                              GTK_RADIO_BUTTON(rb_daily),
        -:  213:                              "One-time (today)");
    #####:  214:    gtk_box_pack_start(GTK_BOX(rec_box), rb_daily, FALSE, FALSE, 2);
    #####:  215:    gtk_box_pack_start(GTK_BOX(rec_box), rb_once, FALSE, FALSE, 2);
        -:  216:
    #####:  217:    gtk_grid_attach(GTK_GRID(grid), lbl_rec, 0, 2, 1, 1);
    #####:  218:    gtk_grid_attach(GTK_GRID(grid), rec_box, 1, 2, 1, 1);
        -:  219:
        -:  220:    // Doses per day
    #####:  221:    GtkWidget *lbl_doses = gtk_label_new("Doses per day (1–4):");
    #####:  222:    GtkAdjustment *adj = gtk_adjustment_new(1, 1, 4, 1, 1, 0);
    #####:  223:    GtkWidget *spin_doses = gtk_spin_button_new(adj, 1, 0);
    #####:  224:    gtk_grid_attach(GTK_GRID(grid), lbl_doses, 0, 3, 1, 1);
    #####:  225:    gtk_grid_attach(GTK_GRID(grid), spin_doses, 1, 3, 1, 1);
        -:  226:
        -:  227:    // Time entries
    #####:  228:    GtkWidget *lbl_time1 = gtk_label_new("Time 1 (HH:MM):");
    #####:  229:    GtkWidget *entry_time1 = gtk_entry_new();
    #####:  230:    gtk_entry_set_placeholder_text(GTK_ENTRY(entry_time1), "09:00");
        -:  231:
    #####:  232:    GtkWidget *lbl_time2 = gtk_label_new("Time 2 (HH:MM):");
    #####:  233:    GtkWidget *entry_time2 = gtk_entry_new();
    #####:  234:    gtk_entry_set_placeholder_text(GTK_ENTRY(entry_time2), "13:00");
        -:  235:
    #####:  236:    GtkWidget *lbl_time3 = gtk_label_new("Time 3 (HH:MM):");
    #####:  237:    GtkWidget *entry_time3 = gtk_entry_new();
    #####:  238:    gtk_entry_set_placeholder_text(GTK_ENTRY(entry_time3), "17:00");
        -:  239:
    #####:  240:    GtkWidget *lbl_time4 = gtk_label_new("Time 4 (HH:MM):");
    #####:  241:    GtkWidget *entry_time4 = gtk_entry_new();
    #####:  242:    gtk_entry_set_placeholder_text(GTK_ENTRY(entry_time4), "21:00");
        -:  243:
    #####:  244:    gtk_grid_attach(GTK_GRID(grid), lbl_time1, 0, 4, 1, 1);
    #####:  245:    gtk_grid_attach(GTK_GRID(grid), entry_time1, 1, 4, 1, 1);
    #####:  246:    gtk_grid_attach(GTK_GRID(grid), lbl_time2, 0, 5, 1, 1);
    #####:  247:    gtk_grid_attach(GTK_GRID(grid), entry_time2, 1, 5, 1, 1);
    #####:  248:    gtk_grid_attach(GTK_GRID(grid), lbl_time3, 0, 6, 1, 1);
    #####:  249:    gtk_grid_attach(GTK_GRID(grid), entry_time3, 1, 6, 1, 1);
    #####:  250:    gtk_grid_attach(GTK_GRID(grid), lbl_time4, 0, 7, 1, 1);
    #####:  251:    gtk_grid_attach(GTK_GRID(grid), entry_time4, 1, 7, 1, 1);
        -:  252:
        -:  253:    // Notes
    #####:  254:    GtkWidget *lbl_notes = gtk_label_new("Notes:");
    #####:  255:    GtkWidget *entry_notes = gtk_entry_new();
    #####:  256:    gtk_grid_attach(GTK_GRID(grid), lbl_notes, 0, 8, 1, 1);
    #####:  257:    gtk_grid_attach(GTK_GRID(grid), entry_notes, 1, 8, 1, 1);
        -:  258:
    #####:  259:    gtk_widget_show_all(dialog);
        -:  260:
    #####:  261:    if (gtk_dialog_run(GTK_DIALOG(dialog)) == GTK_RESPONSE_OK) {
    #####:  262:        const char *name = gtk_entry_get_text(GTK_ENTRY(entry_name));
    #####:  263:        const char *dosage = gtk_entry_get_text(GTK_ENTRY(entry_dosage));
    #####:  264:        const char *notes = gtk_entry_get_text(GTK_ENTRY(entry_notes));
    #####:  265:        int num_doses = gtk_spin_button_get_value_as_int(GTK_SPIN_BUTTON(spin_doses));
        -:  266:
    #####:  267:        RecurrenceType rec =
    #####:  268:            gtk_toggle_button_get_active(GTK_TOGGLE_BUTTON(rb_once))
        -:  269:            ? RECURRENCE_ONCE
    #####:  270:            : RECURRENCE_DAILY;
        -:  271:
    #####:  272:        if (!name || strlen(name) == 0 || !dosage || strlen(dosage) == 0) {
    #####:  273:            GtkWidget *msg = gtk_message_dialog_new(
    #####:  274:                GTK_WINDOW(g_main_window),
        -:  275:                GTK_DIALOG_MODAL,
        -:  276:                GTK_MESSAGE_ERROR,
        -:  277:                GTK_BUTTONS_OK,
        -:  278:                "Name and dosage cannot be empty.");
    #####:  279:            gtk_dialog_run(GTK_DIALOG(msg));
    #####:  280:            gtk_widget_destroy(msg);
    #####:  281:            gtk_widget_destroy(dialog);
    #####:  282:            return;
        -:  283:        }
        -:  284:
        -:  285:        Medication m;
    #####:  286:        memset(&m, 0, sizeof(Medication));
    #####:  287:        snprintf(m.name, MAX_NAME_LEN, "%s", name);
    #####:  288:        snprintf(m.dosage, MAX_NAME_LEN, "%s", dosage);
    #####:  289:        snprintf(m.notes, MAX_NOTES_LEN, "%s", notes ? notes : "");
    #####:  290:        m.num_doses = num_doses;
    #####:  291:        m.recurrence = rec;
    #####:  292:        m.one_time_used = 0;
        -:  293:
    #####:  294:        GtkWidget *time_entries[4] = {
        -:  295:            entry_time1, entry_time2, entry_time3, entry_time4
        -:  296:        };
        -:  297:
    #####:  298:        for (int i = 0; i < num_doses; i++) {
    #####:  299:            const char *tstr = gtk_entry_get_text(GTK_ENTRY(time_entries[i]));
        -:  300:            int h, min;
    #####:  301:            if (sscanf(tstr, "%d:%d", &h, &min) != 2 ||
    #####:  302:                h < 0 || h > 23 || min < 0 || min > 59) {
    #####:  303:                GtkWidget *msg = gtk_message_dialog_new(
    #####:  304:                    GTK_WINDOW(g_main_window),
        -:  305:                    GTK_DIALOG_MODAL,
        -:  306:                    GTK_MESSAGE_ERROR,
        -:  307:                    GTK_BUTTONS_OK,
        -:  308:                    "Invalid time in slot %d. Use HH:MM.",
        -:  309:                    i + 1);
    #####:  310:                gtk_dialog_run(GTK_DIALOG(msg));
    #####:  311:                gtk_widget_destroy(msg);
    #####:  312:                gtk_widget_destroy(dialog);
    #####:  313:                return;
        -:  314:            }
    #####:  315:            m.doses[i].hour = h;
    #####:  316:            m.doses[i].minute = min;
        -:  317:        }
        -:  318:
    #####:  319:        add_medication(g_med_list, m);
    #####:  320:        save_medications("data/meds.txt", g_med_list);
    #####:  321:        refresh_med_list();
        -:  322:    }
        -:  323:
    #####:  324:    gtk_widget_destroy(dialog);
        -:  325:}
        -:  326:
        -:  327:// ---------- Edit / Delete ----------
        -:  328:
    #####:  329:static void on_edit_med_clicked(GtkButton *button, gpointer user_data) {
        -:  330:    (void)user_data;
        -:  331:
    #####:  332:    int id = GPOINTER_TO_INT(g_object_get_data(G_OBJECT(button), "med-id"));
    #####:  333:    Medication *m = find_med_by_id(g_med_list, id);
    #####:  334:    if (!m) return;
        -:  335:
    #####:  336:    GtkWidget *dialog = gtk_dialog_new_with_buttons(
        -:  337:        "Edit Medication",
    #####:  338:        GTK_WINDOW(g_main_window),
        -:  339:        GTK_DIALOG_MODAL | GTK_DIALOG_DESTROY_WITH_PARENT,
        -:  340:        "_Cancel", GTK_RESPONSE_CANCEL,
        -:  341:        "_Save", GTK_RESPONSE_OK,
        -:  342:        NULL);
        -:  343:
    #####:  344:    GtkWidget *content = gtk_dialog_get_content_area(GTK_DIALOG(dialog));
    #####:  345:    GtkWidget *grid = gtk_grid_new();
    #####:  346:    gtk_grid_set_row_spacing(GTK_GRID(grid), 5);
    #####:  347:    gtk_grid_set_column_spacing(GTK_GRID(grid), 5);
    #####:  348:    gtk_container_add(GTK_CONTAINER(content), grid);
        -:  349:
        -:  350:    // Name
    #####:  351:    GtkWidget *lbl_name = gtk_label_new("Name:");
    #####:  352:    GtkWidget *entry_name = gtk_entry_new();
    #####:  353:    gtk_entry_set_text(GTK_ENTRY(entry_name), m->name);
    #####:  354:    gtk_grid_attach(GTK_GRID(grid), lbl_name, 0, 0, 1, 1);
    #####:  355:    gtk_grid_attach(GTK_GRID(grid), entry_name, 1, 0, 1, 1);
        -:  356:
        -:  357:    // Dosage
    #####:  358:    GtkWidget *lbl_dosage = gtk_label_new("Dosage:");
    #####:  359:    GtkWidget *entry_dosage = gtk_entry_new();
    #####:  360:    gtk_entry_set_text(GTK_ENTRY(entry_dosage), m->dosage);
    #####:  361:    gtk_grid_attach(GTK_GRID(grid), lbl_dosage, 0, 1, 1, 1);
    #####:  362:    gtk_grid_attach(GTK_GRID(grid), entry_dosage, 1, 1, 1, 1);
        -:  363:
        -:  364:    // Recurrence
    #####:  365:    GtkWidget *lbl_rec = gtk_label_new("Recurrence:");
    #####:  366:    GtkWidget *rec_box = gtk_box_new(GTK_ORIENTATION_HORIZONTAL, 5);
    #####:  367:    GtkWidget *rb_daily = gtk_radio_button_new_with_label(NULL, "Daily");
    #####:  368:    GtkWidget *rb_once  = gtk_radio_button_new_with_label_from_widget(
    #####:  369:                              GTK_RADIO_BUTTON(rb_daily),
        -:  370:                              "One-time (today)");
        -:  371:
    #####:  372:    if (m->recurrence == RECURRENCE_ONCE) {
    #####:  373:        gtk_toggle_button_set_active(GTK_TOGGLE_BUTTON(rb_once), TRUE);
        -:  374:    } else {
    #####:  375:        gtk_toggle_button_set_active(GTK_TOGGLE_BUTTON(rb_daily), TRUE);
        -:  376:    }
        -:  377:
    #####:  378:    gtk_box_pack_start(GTK_BOX(rec_box), rb_daily, FALSE, FALSE, 2);
    #####:  379:    gtk_box_pack_start(GTK_BOX(rec_box), rb_once, FALSE, FALSE, 2);
    #####:  380:    gtk_grid_attach(GTK_GRID(grid), lbl_rec, 0, 2, 1, 1);
    #####:  381:    gtk_grid_attach(GTK_GRID(grid), rec_box, 1, 2, 1, 1);
        -:  382:
        -:  383:    // Doses per day
    #####:  384:    GtkWidget *lbl_doses = gtk_label_new("Doses per day (1–4):");
    #####:  385:    GtkAdjustment *adj = gtk_adjustment_new(m->num_doses, 1, 4, 1, 1, 0);
    #####:  386:    GtkWidget *spin_doses = gtk_spin_button_new(adj, 1, 0);
    #####:  387:    gtk_grid_attach(GTK_GRID(grid), lbl_doses, 0, 3, 1, 1);
    #####:  388:    gtk_grid_attach(GTK_GRID(grid), spin_doses, 1, 3, 1, 1);
        -:  389:
        -:  390:    // Times
    #####:  391:    GtkWidget *lbl_time1 = gtk_label_new("Time 1 (HH:MM):");
    #####:  392:    GtkWidget *entry_time1 = gtk_entry_new();
    #####:  393:    GtkWidget *lbl_time2 = gtk_label_new("Time 2 (HH:MM):");
    #####:  394:    GtkWidget *entry_time2 = gtk_entry_new();
    #####:  395:    GtkWidget *lbl_time3 = gtk_label_new("Time 3 (HH:MM):");
    #####:  396:    GtkWidget *entry_time3 = gtk_entry_new();
    #####:  397:    GtkWidget *lbl_time4 = gtk_label_new("Time 4 (HH:MM):");
    #####:  398:    GtkWidget *entry_time4 = gtk_entry_new();
        -:  399:
        -:  400:    char buf[16];
    #####:  401:    if (m->num_doses > 0) {
    #####:  402:        snprintf(buf, sizeof(buf), "%02d:%02d", m->doses[0].hour, m->doses[0].minute);
    #####:  403:        gtk_entry_set_text(GTK_ENTRY(entry_time1), buf);
        -:  404:    }
    #####:  405:    if (m->num_doses > 1) {
    #####:  406:        snprintf(buf, sizeof(buf), "%02d:%02d", m->doses[1].hour, m->doses[1].minute);
    #####:  407:        gtk_entry_set_text(GTK_ENTRY(entry_time2), buf);
        -:  408:    }
    #####:  409:    if (m->num_doses > 2) {
    #####:  410:        snprintf(buf, sizeof(buf), "%02d:%02d", m->doses[2].hour, m->doses[2].minute);
    #####:  411:        gtk_entry_set_text(GTK_ENTRY(entry_time3), buf);
        -:  412:    }
    #####:  413:    if (m->num_doses > 3) {
    #####:  414:        snprintf(buf, sizeof(buf), "%02d:%02d", m->doses[3].hour, m->doses[3].minute);
    #####:  415:        gtk_entry_set_text(GTK_ENTRY(entry_time4), buf);
        -:  416:    }
        -:  417:
    #####:  418:    gtk_grid_attach(GTK_GRID(grid), lbl_time1, 0, 4, 1, 1);
    #####:  419:    gtk_grid_attach(GTK_GRID(grid), entry_time1, 1, 4, 1, 1);
    #####:  420:    gtk_grid_attach(GTK_GRID(grid), lbl_time2, 0, 5, 1, 1);
    #####:  421:    gtk_grid_attach(GTK_GRID(grid), entry_time2, 1, 5, 1, 1);
    #####:  422:    gtk_grid_attach(GTK_GRID(grid), lbl_time3, 0, 6, 1, 1);
    #####:  423:    gtk_grid_attach(GTK_GRID(grid), entry_time3, 1, 6, 1, 1);
    #####:  424:    gtk_grid_attach(GTK_GRID(grid), lbl_time4, 0, 7, 1, 1);
    #####:  425:    gtk_grid_attach(GTK_GRID(grid), entry_time4, 1, 7, 1, 1);
        -:  426:
        -:  427:    // Notes
    #####:  428:    GtkWidget *lbl_notes = gtk_label_new("Notes:");
    #####:  429:    GtkWidget *entry_notes = gtk_entry_new();
    #####:  430:    gtk_entry_set_text(GTK_ENTRY(entry_notes), m->notes);
    #####:  431:    gtk_grid_attach(GTK_GRID(grid), lbl_notes, 0, 8, 1, 1);
    #####:  432:    gtk_grid_attach(GTK_GRID(grid), entry_notes, 1, 8, 1, 1);
        -:  433:
    #####:  434:    gtk_widget_show_all(dialog);
        -:  435:
    #####:  436:    if (gtk_dialog_run(GTK_DIALOG(dialog)) == GTK_RESPONSE_OK) {
    #####:  437:        const char *name = gtk_entry_get_text(GTK_ENTRY(entry_name));
    #####:  438:        const char *dosage = gtk_entry_get_text(GTK_ENTRY(entry_dosage));
    #####:  439:        const char *notes = gtk_entry_get_text(GTK_ENTRY(entry_notes));
    #####:  440:        int num_doses = gtk_spin_button_get_value_as_int(GTK_SPIN_BUTTON(spin_doses));
        -:  441:
    #####:  442:        RecurrenceType rec =
    #####:  443:            gtk_toggle_button_get_active(GTK_TOGGLE_BUTTON(rb_once))
        -:  444:            ? RECURRENCE_ONCE
    #####:  445:            : RECURRENCE_DAILY;
        -:  446:
    #####:  447:        if (!name || strlen(name) == 0 || !dosage || strlen(dosage) == 0) {
    #####:  448:            GtkWidget *msg = gtk_message_dialog_new(
    #####:  449:                GTK_WINDOW(g_main_window),
        -:  450:                GTK_DIALOG_MODAL,
        -:  451:                GTK_MESSAGE_ERROR,
        -:  452:                GTK_BUTTONS_OK,
        -:  453:                "Name and dosage cannot be empty.");
    #####:  454:            gtk_dialog_run(GTK_DIALOG(msg));
    #####:  455:            gtk_widget_destroy(msg);
    #####:  456:            gtk_widget_destroy(dialog);
    #####:  457:            return;
        -:  458:        }
        -:  459:
    #####:  460:        snprintf(m->name, MAX_NAME_LEN, "%s", name);
    #####:  461:        snprintf(m->dosage, MAX_NAME_LEN, "%s", dosage);
    #####:  462:        snprintf(m->notes, MAX_NOTES_LEN, "%s", notes ? notes : "");
    #####:  463:        m->num_doses = num_doses;
    #####:  464:        m->recurrence = rec;
        -:  465:
    #####:  466:        if (m->recurrence == RECURRENCE_ONCE && m->one_time_used != 0) {
    #####:  467:            m->one_time_used = 0;
        -:  468:        }
        -:  469:
    #####:  470:        GtkWidget *time_entries[4] = {
        -:  471:            entry_time1, entry_time2, entry_time3, entry_time4
        -:  472:        };
        -:  473:
    #####:  474:        for (int i = 0; i < num_doses; i++) {
    #####:  475:            const char *tstr = gtk_entry_get_text(GTK_ENTRY(time_entries[i]));
        -:  476:            int h, min;
    #####:  477:            if (sscanf(tstr, "%d:%d", &h, &min) != 2 ||
    #####:  478:                h < 0 || h > 23 || min < 0 || min > 59) {
    #####:  479:                GtkWidget *msg = gtk_message_dialog_new(
    #####:  480:                    GTK_WINDOW(g_main_window),
        -:  481:                    GTK_DIALOG_MODAL,
        -:  482:                    GTK_MESSAGE_ERROR,
        -:  483:                    GTK_BUTTONS_OK,
        -:  484:                    "Invalid time in slot %d. Use HH:MM.",
        -:  485:                    i + 1);
    #####:  486:                gtk_dialog_run(GTK_DIALOG(msg));
    #####:  487:                gtk_widget_destroy(msg);
    #####:  488:                gtk_widget_destroy(dialog);
    #####:  489:                return;
        -:  490:            }
    #####:  491:            m->doses[i].hour = h;
    #####:  492:            m->doses[i].minute = min;
        -:  493:        }
        -:  494:
    #####:  495:        save_medications("data/meds.txt", g_med_list);
    #####:  496:        refresh_med_list();
        -:  497:    }
        -:  498:
    #####:  499:    gtk_widget_destroy(dialog);
        -:  500:}
        -:  501:
    #####:  502:static void on_delete_med_clicked(GtkButton *button, gpointer user_data) {
        -:  503:    (void)user_data;
        -:  504:
    #####:  505:    int id = GPOINTER_TO_INT(g_object_get_data(G_OBJECT(button), "med-id"));
    #####:  506:    Medication *m = find_med_by_id(g_med_list, id);
    #####:  507:    if (!m) return;
        -:  508:
    #####:  509:    GtkWidget *confirm = gtk_message_dialog_new(
    #####:  510:        GTK_WINDOW(g_main_window),
        -:  511:        GTK_DIALOG_MODAL,
        -:  512:        GTK_MESSAGE_WARNING,
        -:  513:        GTK_BUTTONS_OK_CANCEL,
    #####:  514:        "Delete medication \"%s\"?", m->name);
        -:  515:
    #####:  516:    int resp = gtk_dialog_run(GTK_DIALOG(confirm));
    #####:  517:    gtk_widget_destroy(confirm);
        -:  518:
    #####:  519:    if (resp == GTK_RESPONSE_OK) {
    #####:  520:        remove_medication(g_med_list, id);
    #####:  521:        save_medications("data/meds.txt", g_med_list);
    #####:  522:        refresh_med_list();
        -:  523:    }
        -:  524:}
        -:  525:
        -:  526:// ---------- Export ----------
        -:  527:
    #####:  528:static void on_export_clicked(GtkButton *button, gpointer user_data) {
        -:  529:    (void)button;
        -:  530:    (void)user_data;
        -:  531:
    #####:  532:    if (export_medications_csv("data/meds_export.csv", g_med_list)) {
    #####:  533:        GtkWidget *msg = gtk_message_dialog_new(
    #####:  534:            GTK_WINDOW(g_main_window),
        -:  535:            GTK_DIALOG_MODAL,
        -:  536:            GTK_MESSAGE_INFO,
        -:  537:            GTK_BUTTONS_OK,
        -:  538:            "Exported medications to data/meds_export.csv");
    #####:  539:        gtk_dialog_run(GTK_DIALOG(msg));
    #####:  540:        gtk_widget_destroy(msg);
        -:  541:    } else {
    #####:  542:        GtkWidget *msg = gtk_message_dialog_new(
    #####:  543:            GTK_WINDOW(g_main_window),
        -:  544:            GTK_DIALOG_MODAL,
        -:  545:            GTK_MESSAGE_ERROR,
        -:  546:            GTK_BUTTONS_OK,
        -:  547:            "Failed to export CSV.");
    #####:  548:        gtk_dialog_run(GTK_DIALOG(msg));
    #####:  549:        gtk_widget_destroy(msg);
        -:  550:    }
    #####:  551:}
        -:  552:
        -:  553:// ---------- Today's Schedule ----------
        -:  554:
        -:  555:typedef struct {
        -:  556:    Medication *med;
        -:  557:    TimeOfDay time;
        -:  558:    int minutes_diff;
        -:  559:} ScheduleEntry;
        -:  560:
    #####:  561:static void show_todays_schedule(void) {
    #####:  562:    if (!g_med_list || g_med_list->count == 0) {
    #####:  563:        GtkWidget *msg = gtk_message_dialog_new(
    #####:  564:            GTK_WINDOW(g_main_window),
        -:  565:            GTK_DIALOG_MODAL,
        -:  566:            GTK_MESSAGE_INFO,
        -:  567:            GTK_BUTTONS_OK,
        -:  568:            "No medications in the list.");
    #####:  569:        gtk_dialog_run(GTK_DIALOG(msg));
    #####:  570:        gtk_widget_destroy(msg);
    #####:  571:        return;
        -:  572:    }
        -:  573:
        -:  574:    ScheduleEntry entries[MAX_MEDICATIONS * MAX_DOSES_PER_MED];
    #####:  575:    int entry_count = 0;
        -:  576:
        -:  577:    TimeOfDay now;
    #####:  578:    get_current_time(&now);
    #####:  579:    int now_total = now.hour * 60 + now.minute;
        -:  580:
    #####:  581:    for (int i = 0; i < g_med_list->count; i++) {
    #####:  582:        Medication *m = &g_med_list->meds[i];
        -:  583:
    #####:  584:        if (m->recurrence == RECURRENCE_ONCE && m->one_time_used) {
    #####:  585:            continue;
        -:  586:        }
        -:  587:
    #####:  588:        for (int j = 0; j < m->num_doses; j++) {
    #####:  589:            if (entry_count >= MAX_MEDICATIONS * MAX_DOSES_PER_MED) break;
        -:  590:
        -:  591:            ScheduleEntry e;
    #####:  592:            e.med = m;
    #####:  593:            e.time = m->doses[j];
        -:  594:
    #####:  595:            int dose_total = e.time.hour * 60 + e.time.minute;
    #####:  596:            e.minutes_diff = dose_total - now_total;
        -:  597:
    #####:  598:            entries[entry_count++] = e;
        -:  599:        }
        -:  600:    }
        -:  601:
    #####:  602:    if (entry_count == 0) {
    #####:  603:        GtkWidget *msg = gtk_message_dialog_new(
    #####:  604:            GTK_WINDOW(g_main_window),
        -:  605:            GTK_DIALOG_MODAL,
        -:  606:            GTK_MESSAGE_INFO,
        -:  607:            GTK_BUTTONS_OK,
        -:  608:            "No doses scheduled.");
    #####:  609:        gtk_dialog_run(GTK_DIALOG(msg));
    #####:  610:        gtk_widget_destroy(msg);
    #####:  611:        return;
        -:  612:    }
        -:  613:
    #####:  614:    for (int i = 0; i < entry_count - 1; i++) {
    #####:  615:        for (int j = i + 1; j < entry_count; j++) {
    #####:  616:            int ti = entries[i].time.hour * 60 + entries[i].time.minute;
    #####:  617:            int tj = entries[j].time.hour * 60 + entries[j].time.minute;
    #####:  618:            if (tj < ti) {
    #####:  619:                ScheduleEntry tmp = entries[i];
    #####:  620:                entries[i] = entries[j];
    #####:  621:                entries[j] = tmp;
        -:  622:            }
        -:  623:        }
        -:  624:    }
        -:  625:
    #####:  626:    GtkWidget *dialog = gtk_dialog_new_with_buttons(
        -:  627:        "Today's Schedule",
    #####:  628:        GTK_WINDOW(g_main_window),
        -:  629:        GTK_DIALOG_MODAL | GTK_DIALOG_DESTROY_WITH_PARENT,
        -:  630:        "_Close", GTK_RESPONSE_CLOSE,
        -:  631:        NULL);
        -:  632:
    #####:  633:    GtkWidget *content = gtk_dialog_get_content_area(GTK_DIALOG(dialog));
        -:  634:
    #####:  635:    GtkWidget *scroller = gtk_scrolled_window_new(NULL, NULL);
    #####:  636:    gtk_scrolled_window_set_policy(GTK_SCROLLED_WINDOW(scroller),
        -:  637:                                   GTK_POLICY_AUTOMATIC,
        -:  638:                                   GTK_POLICY_AUTOMATIC);
    #####:  639:    gtk_widget_set_size_request(scroller, 400, 300);
    #####:  640:    gtk_container_add(GTK_CONTAINER(content), scroller);
        -:  641:
    #####:  642:    GtkWidget *vbox = gtk_box_new(GTK_ORIENTATION_VERTICAL, 5);
    #####:  643:    gtk_container_add(GTK_CONTAINER(scroller), vbox);
        -:  644:
    #####:  645:    for (int i = 0; i < entry_count; i++) {
    #####:  646:        ScheduleEntry *e = &entries[i];
    #####:  647:        int dose_total = e->time.hour * 60 + e->time.minute;
    #####:  648:        int diff = dose_total - now_total;
        -:  649:
    #####:  650:        const char *rec_str = (e->med->recurrence == RECURRENCE_ONCE)
        -:  651:                              ? "one-time"
    #####:  652:                              : "daily";
        -:  653:
        -:  654:        char line[512];
        -:  655:
    #####:  656:        if (diff >= 0 && diff <= 60) {
    #####:  657:            snprintf(line, sizeof(line),
        -:  658:                     "<b>%02d:%02d — %s (%s, %s) — in %d min</b>",
        -:  659:                     e->time.hour, e->time.minute,
    #####:  660:                     e->med->name, e->med->dosage, rec_str,
        -:  661:                     diff);
    #####:  662:        } else if (diff < 0) {
    #####:  663:            snprintf(line, sizeof(line),
        -:  664:                     "%02d:%02d — %s (%s, %s) — %d min ago",
        -:  665:                     e->time.hour, e->time.minute,
    #####:  666:                     e->med->name, e->med->dosage, rec_str,
        -:  667:                     -diff);
        -:  668:        } else {
    #####:  669:            snprintf(line, sizeof(line),
        -:  670:                     "%02d:%02d — %s (%s, %s)",
        -:  671:                     e->time.hour, e->time.minute,
    #####:  672:                     e->med->name, e->med->dosage, rec_str);
        -:  673:        }
        -:  674:
    #####:  675:        GtkWidget *label = gtk_label_new(NULL);
    #####:  676:        gtk_label_set_xalign(GTK_LABEL(label), 0.0);
    #####:  677:        gtk_label_set_use_markup(GTK_LABEL(label), TRUE);
    #####:  678:        gtk_label_set_markup(GTK_LABEL(label), line);
    #####:  679:        gtk_box_pack_start(GTK_BOX(vbox), label, FALSE, FALSE, 3);
        -:  680:    }
        -:  681:
    #####:  682:    gtk_widget_show_all(dialog);
    #####:  683:    gtk_dialog_run(GTK_DIALOG(dialog));
    #####:  684:    gtk_widget_destroy(dialog);
        -:  685:}
        -:  686:
    #####:  687:static void on_schedule_clicked(GtkButton *button, gpointer user_data) {
        -:  688:    (void)button;
        -:  689:    (void)user_data;
    #####:  690:    show_todays_schedule();
    #####:  691:}
        -:  692:
        -:  693:// ---------- Main GUI entry ----------
        -:  694:
    #####:  695:int run_gui(MedicationList *list) {
    #####:  696:    g_med_list = list;
        -:  697:
    #####:  698:    gtk_init(NULL, NULL);
        -:  699:
    #####:  700:    g_main_window = gtk_window_new(GTK_WINDOW_TOPLEVEL);
    #####:  701:    gtk_window_set_title(GTK_WINDOW(g_main_window), "MedMate");
    #####:  702:    gtk_window_set_default_size(GTK_WINDOW(g_main_window), 600, 400);
        -:  703:
    #####:  704:    g_signal_connect(g_main_window, "destroy", G_CALLBACK(gtk_main_quit), NULL);
        -:  705:
    #####:  706:    GtkWidget *vbox = gtk_box_new(GTK_ORIENTATION_VERTICAL, 5);
    #####:  707:    gtk_container_add(GTK_CONTAINER(g_main_window), vbox);
        -:  708:
    #####:  709:    GtkWidget *top_bar = gtk_box_new(GTK_ORIENTATION_HORIZONTAL, 5);
    #####:  710:    gtk_box_pack_start(GTK_BOX(vbox), top_bar, FALSE, FALSE, 5);
        -:  711:
    #####:  712:    GtkWidget *add_button = gtk_button_new_with_label("Add Medication");
    #####:  713:    GtkWidget *schedule_button = gtk_button_new_with_label("Today's Schedule");
    #####:  714:    GtkWidget *wiki_button = gtk_button_new_with_label("Wikipedia Lookup");
    #####:  715:    GtkWidget *export_button = gtk_button_new_with_label("Export CSV");
        -:  716:
    #####:  717:    g_signal_connect(add_button, "clicked", G_CALLBACK(on_add_med_clicked), NULL);
    #####:  718:    g_signal_connect(schedule_button, "clicked", G_CALLBACK(on_schedule_clicked), NULL);
    #####:  719:    g_signal_connect(wiki_button, "clicked", G_CALLBACK(on_wiki_lookup_clicked), NULL);
    #####:  720:    g_signal_connect(export_button, "clicked", G_CALLBACK(on_export_clicked), NULL);
        -:  721:
    #####:  722:    gtk_box_pack_start(GTK_BOX(top_bar), add_button, TRUE, TRUE, 5);
    #####:  723:    gtk_box_pack_start(GTK_BOX(top_bar), schedule_button, TRUE, TRUE, 5);
    #####:  724:    gtk_box_pack_start(GTK_BOX(top_bar), wiki_button, TRUE, TRUE, 5);
    #####:  725:    gtk_box_pack_start(GTK_BOX(top_bar), export_button, TRUE, TRUE, 5);
        -:  726:
    #####:  727:    GtkWidget *scroller = gtk_scrolled_window_new(NULL, NULL);
    #####:  728:    gtk_scrolled_window_set_policy(GTK_SCROLLED_WINDOW(scroller),
        -:  729:                                   GTK_POLICY_AUTOMATIC,
        -:  730:                                   GTK_POLICY_AUTOMATIC);
    #####:  731:    gtk_box_pack_start(GTK_BOX(vbox), scroller, TRUE, TRUE, 5);
        -:  732:
    #####:  733:    g_list_box = gtk_box_new(GTK_ORIENTATION_VERTICAL, 5);
    #####:  734:    gtk_container_add(GTK_CONTAINER(scroller), g_list_box);
        -:  735:
    #####:  736:    refresh_med_list();
        -:  737:
    #####:  738:    g_timeout_add_seconds(60, reminder_check_callback, NULL);
        -:  739:
    #####:  740:    gtk_widget_show_all(g_main_window);
    #####:  741:    gtk_main();
    #####:  742:    return 0;
        -:  743:}
