        -:    0:Source:src/main.c
        -:    1:#include <stdio.h>
        -:    2:#include <string.h>
        -:    3:#include "core.h"
        -:    4:#include "io.h"
        -:    5:#include "gui.h"
        -:    6:
        1:    7:static void print_help(const char *progname) {
        1:    8:    printf("MedMate - Medication Reminder App\n");
        1:    9:    printf("Usage: %s [OPTIONS]\n\n", progname);
        1:   10:    printf("  %s            Start the GUI\n", progname);
        1:   11:    printf("  %s --help     Show this help message\n", progname);
        1:   12:    printf("  %s --export   Export medications to CSV \n", progname);
        1:   13:}
        -:   14:
        1:   15:int main(int argc, char *argv[]) {
        -:   16:    MedicationList list;
        1:   17:    init_med_list(&list);
        -:   18:
        -:   19:    // Try to load existing data (stub)
        1:   20:    load_medications("data/meds.txt", &list);
        -:   21:
        1:   22:    if (argc > 1) {
        1:   23:        if (strcmp(argv[1], "--help") == 0) {
        1:   24:            print_help(argv[0]);
        1:   25:            return 0;
    #####:   26:        } else if (strcmp(argv[1], "--export") == 0) {
    #####:   27:            export_medications_csv("data/meds_export.csv", &list);
    #####:   28:            return 0;
        -:   29:        } else {
    #####:   30:            printf("Unknown option: %s\n", argv[1]);
    #####:   31:            printf("Use --help for usage.\n");
    #####:   32:            return 1;
        -:   33:        }
        -:   34:    }
        -:   35:
        -:   36:        /*TEMP: Add a med to test save/load
        -:   37:    Medication m = {0};
        -:   38:    snprintf(m.name, MAX_NAME_LEN, "TestMed");
        -:   39:    snprintf(m.dosage, MAX_NAME_LEN, "100 mg");
        -:   40:    m.num_doses = 1;
        -:   41:    m.doses[0].hour = 9;
        -:   42:    m.doses[0].minute = 30;
        -:   43:    snprintf(m.notes, MAX_NOTES_LEN, "Sample notes.");
        -:   44:*/
        -:   45:    //add_medication(&list, m);
        -:   46:
        -:   47:
    #####:   48:    run_gui(&list);
        -:   49:
        -:   50:    // On exit, save (stub)
    #####:   51:    save_medications("data/meds.txt", &list);
        -:   52:
    #####:   53:    return 0;
        -:   54:}
